{"ts":1708594693780,"action":"FILE_OPENED","file":"/app/src/main/kotlin/com/crow/kmodbus/Main.kt","tags":{"FILE_LINE_OF_CODE":"30"}}
{"ts":1708594693761,"action":"PROJECT_OPENED","tags":{"PROJECT_NAME":"KModbus"}}
{"ts":1708594698144,"action":"FILE_CLOSED","file":"/app/src/main/kotlin/com/crow/kmodbus/Main.kt","tags":{"FILE_LINE_OF_CODE":"30"}}
{"ts":1708594698144,"action":"FILE_OPENED","file":"/lib_modbus/src/main/kotlin/com/crow/modbus/tools/ByteExt.kt","tags":{"FILE_LINE_OF_CODE":"372"}}
{"ts":1708594716054,"action":"IDE_DEACTIVATED"}
{"ts":1708594716056,"action":"IDE_ACTIVATED"}
{"ts":1708594720844,"action":"IDE_DEACTIVATED"}
{"ts":1708594720909,"action":"IDE_ACTIVATED"}
{"ts":1708594724014,"action":"IDE_DEACTIVATED"}
{"ts":1708594724017,"action":"IDE_ACTIVATED"}
{"ts":1708594728821,"action":"IDE_DEACTIVATED"}
{"ts":1708594728921,"action":"IDE_ACTIVATED"}
{"ts":1708594763354,"action":"IDE_DEACTIVATED"}
{"ts":1708594833766,"action":"IDE_ACTIVATED"}
{"ts":1708594858264,"action":"IDE_DEACTIVATED"}
{"ts":1708594862531,"action":"IDE_ACTIVATED"}
{"ts":1708594863685,"action":"IDE_DEACTIVATED"}
{"ts":1708594866475,"action":"IDE_ACTIVATED"}
{"ts":1708594868375,"action":"IDE_DEACTIVATED"}
{"ts":1708595621535,"action":"IDE_ACTIVATED"}
{"ts":1708595622091,"action":"IDE_DEACTIVATED"}
{"ts":1708595622230,"action":"IDE_ACTIVATED"}
{"ts":1708595622867,"action":"IDE_DEACTIVATED"}
{"ts":1708595646543,"action":"IDE_ACTIVATED"}
{"ts":1708595650560,"action":"FILE_CLOSED","file":"/lib_modbus/src/main/kotlin/com/crow/modbus/tools/ByteExt.kt","tags":{"FILE_LINE_OF_CODE":"372"}}
{"ts":1708595650560,"action":"FILE_OPENED","file":"/lib_modbus/consumer-rules.pro","tags":{"FILE_LINE_OF_CODE":"0"}}
{"ts":1708595652601,"action":"FILE_CLOSED","file":"/lib_modbus/consumer-rules.pro","tags":{"FILE_LINE_OF_CODE":"0"}}
{"ts":1708595652601,"action":"FILE_OPENED","file":"/lib_modbus/build.gradle.kts","tags":{"FILE_LINE_OF_CODE":"35"}}
{"ts":1708595692099,"action":"IDE_DEACTIVATED"}
{"ts":1708595722713,"action":"IDE_ACTIVATED"}
{"ts":1708595730595,"action":"IDE_DEACTIVATED"}
{"ts":1708595731992,"action":"IDE_ACTIVATED"}
{"ts":1708595732253,"action":"IDE_DEACTIVATED"}
{"ts":1708595733846,"action":"IDE_ACTIVATED"}
{"ts":1708595737468,"action":"IDE_DEACTIVATED"}
{"ts":1708595740234,"action":"IDE_ACTIVATED"}
{"ts":1708595740564,"action":"IDE_DEACTIVATED"}
{"ts":1708595844605,"action":"IDE_ACTIVATED"}
{"ts":1708595891748,"action":"IDE_DEACTIVATED"}
{"ts":1708595899949,"action":"IDE_ACTIVATED"}
{"ts":1708595904201,"action":"IDE_DEACTIVATED"}
{"ts":1708595920546,"action":"IDE_ACTIVATED"}
{"ts":1708595921635,"action":"IDE_DEACTIVATED"}
{"ts":1708595921744,"action":"IDE_ACTIVATED"}
{"ts":1708595931100,"action":"IDE_DEACTIVATED"}
{"ts":1708595931199,"action":"IDE_ACTIVATED"}
{"ts":1708595931995,"action":"IDE_DEACTIVATED"}
{"ts":1708595932099,"action":"IDE_ACTIVATED"}
{"ts":1708595932762,"action":"IDE_DEACTIVATED"}
{"ts":1708595944216,"action":"IDE_ACTIVATED"}
{"ts":1708595960001,"action":"IDE_DEACTIVATED"}
{"ts":1708595963055,"action":"IDE_ACTIVATED"}
{"ts":1708595965434,"action":"IDE_DEACTIVATED"}
{"ts":1708595998542,"action":"IDE_ACTIVATED"}
{"ts":1708596002476,"action":"IDE_DEACTIVATED"}
{"ts":1708596004701,"action":"IDE_ACTIVATED"}
{"ts":1708596014408,"action":"IDE_DEACTIVATED"}
{"ts":1708596016141,"action":"IDE_ACTIVATED"}
{"ts":1708596056219,"action":"IDE_DEACTIVATED"}
{"ts":1708596084022,"action":"IDE_ACTIVATED"}
{"ts":1708596088875,"action":"IDE_DEACTIVATED"}
{"ts":1708596088962,"action":"IDE_ACTIVATED"}
{"ts":1708596089404,"action":"IDE_DEACTIVATED"}
{"ts":1708596096127,"action":"IDE_ACTIVATED"}
{"ts":1708596099033,"action":"IDE_DEACTIVATED"}
{"ts":1708596112298,"action":"IDE_ACTIVATED"}
{"ts":1708596126203,"action":"IDE_DEACTIVATED"}
{"ts":1708596129795,"action":"IDE_ACTIVATED"}
{"ts":1708596204940,"action":"IDE_DEACTIVATED"}
{"ts":1708596204982,"action":"IDE_ACTIVATED"}
{"ts":1708596244025,"action":"IDE_DEACTIVATED"}
{"ts":1708596244042,"action":"IDE_ACTIVATED"}
{"ts":1708596252463,"action":"IDE_DEACTIVATED"}
{"ts":1708596252507,"action":"IDE_ACTIVATED"}
{"ts":1708596254642,"action":"IDE_DEACTIVATED"}
{"ts":1708596254716,"action":"IDE_ACTIVATED"}
{"ts":1708596255260,"action":"IDE_DEACTIVATED"}
{"ts":1708596255317,"action":"IDE_ACTIVATED"}
{"ts":1708596267577,"action":"IDE_DEACTIVATED"}
{"ts":1708596267656,"action":"IDE_ACTIVATED"}
{"ts":1708596270566,"action":"IDE_DEACTIVATED"}
{"ts":1708596270673,"action":"IDE_ACTIVATED"}
{"ts":1708596326060,"action":"IDE_DEACTIVATED"}
{"ts":1708596332753,"action":"IDE_ACTIVATED"}
{"ts":1708596354500,"action":"IDE_DEACTIVATED"}
{"ts":1708596354533,"action":"IDE_ACTIVATED"}
{"ts":1708596355085,"action":"IDE_DEACTIVATED"}
{"ts":1708596355087,"action":"IDE_ACTIVATED"}
{"ts":1708596358296,"action":"IDE_DEACTIVATED"}
{"ts":1708596362274,"action":"IDE_ACTIVATED"}
{"ts":1708596362981,"action":"IDE_DEACTIVATED"}
{"ts":1708596363612,"action":"IDE_ACTIVATED"}
{"ts":1708596374206,"action":"IDE_DEACTIVATED"}
{"ts":1708596417676,"action":"IDE_ACTIVATED"}
{"ts":1708596466329,"action":"IDE_DEACTIVATED"}
{"ts":1708596466392,"action":"IDE_ACTIVATED"}
{"ts":1708596484632,"action":"IDE_DEACTIVATED"}
{"ts":1708596500411,"action":"IDE_ACTIVATED"}
{"ts":1708596507153,"action":"IDE_DEACTIVATED"}
{"ts":1708596527158,"action":"IDE_ACTIVATED"}
{"ts":1708596543290,"action":"IDE_DEACTIVATED"}
{"ts":1708596550216,"action":"IDE_ACTIVATED"}
{"ts":1708596551932,"action":"IDE_DEACTIVATED"}
{"ts":1708596558464,"action":"IDE_ACTIVATED"}
{"ts":1708596561719,"action":"IDE_DEACTIVATED"}
{"ts":1708596565993,"action":"IDE_ACTIVATED"}
{"ts":1708596568510,"action":"IDE_DEACTIVATED"}
{"ts":1708596611698,"action":"IDE_ACTIVATED"}
{"ts":1708596664188,"action":"IDE_DEACTIVATED"}
{"ts":1708596667764,"action":"IDE_ACTIVATED"}
{"ts":1708596668126,"action":"IDE_DEACTIVATED"}
{"ts":1708596669472,"action":"IDE_ACTIVATED"}
{"ts":1708596670659,"action":"IDE_DEACTIVATED"}
{"ts":1708596671519,"action":"IDE_ACTIVATED"}
{"ts":1708596685195,"action":"IDE_DEACTIVATED"}
{"ts":1708596685580,"action":"IDE_ACTIVATED"}
{"ts":1708596707034,"action":"IDE_DEACTIVATED"}
{"ts":1708596707890,"action":"IDE_ACTIVATED"}
{"ts":1708596737781,"action":"IDE_DEACTIVATED"}
{"ts":1708596740565,"action":"IDE_ACTIVATED"}
{"ts":1708596751911,"action":"IDE_DEACTIVATED"}
{"ts":1708596754049,"action":"IDE_ACTIVATED"}
{"ts":1708596786877,"action":"IDE_DEACTIVATED"}
{"ts":1708596788490,"action":"IDE_ACTIVATED"}
{"ts":1708596807174,"action":"IDE_DEACTIVATED"}
{"ts":1708596808084,"action":"IDE_ACTIVATED"}
{"ts":1708596808420,"action":"IDE_DEACTIVATED"}
{"ts":1708596808535,"action":"IDE_ACTIVATED"}
{"ts":1708596817632,"action":"IDE_DEACTIVATED"}
{"ts":1708596817767,"action":"IDE_ACTIVATED"}
{"ts":1708596821316,"action":"IDE_DEACTIVATED"}
{"ts":1708596821408,"action":"IDE_ACTIVATED"}
{"ts":1708596843897,"action":"IDE_DEACTIVATED"}
{"ts":1708596943293,"action":"IDE_ACTIVATED"}
{"ts":1708596947188,"action":"PROJECT_CLOSED","tags":{"PROJECT_NAME":"KModbus"}}
{"ts":1708597675956,"action":"FILE_OPENED","file":"/lib_modbus/build.gradle.kts","tags":{"FILE_LINE_OF_CODE":"35"}}
{"ts":1708597675900,"action":"PROJECT_OPENED","tags":{"PROJECT_NAME":"KModbus"}}
{"ts":1708597680493,"action":"IDE_DEACTIVATED"}
{"ts":1708597680496,"action":"IDE_ACTIVATED"}
{"ts":1708597680499,"action":"IDE_DEACTIVATED"}
{"ts":1708597680501,"action":"IDE_ACTIVATED"}
{"ts":1708597681634,"action":"IDE_DEACTIVATED"}
{"ts":1708597681639,"action":"IDE_ACTIVATED"}
{"ts":1708597692828,"action":"PROJECT_CLOSED","tags":{"PROJECT_NAME":"KModbus"}}
{"ts":1709005665052,"action":"FILE_OPENED","file":"/lib_modbus/build.gradle.kts","tags":{"FILE_LINE_OF_CODE":"35"}}
{"ts":1709005664974,"action":"PROJECT_OPENED","tags":{"PROJECT_NAME":"KModbus"}}
{"ts":1709005672300,"action":"IDE_ACTIVATED"}
{"ts":1709005681474,"action":"FILE_CLOSED","file":"/lib_modbus/build.gradle.kts","tags":{"FILE_LINE_OF_CODE":"35"}}
{"ts":1709005681474,"action":"FILE_OPENED","file":"/README.md","tags":{"FILE_LINE_OF_CODE":"82"}}
{"ts":1709005691678,"action":"FILE_CLOSED","file":"/README.md","tags":{"FILE_LINE_OF_CODE":"82"}}
{"ts":1709005691678,"action":"FILE_OPENED","file":"/lib_modbus/src/main/kotlin/com/crow/modbus/tools/ByteExt.kt","tags":{"FILE_LINE_OF_CODE":"372"}}
{"ts":1709005704533,"action":"IDE_DEACTIVATED"}
{"ts":1709012283103,"action":"IDE_ACTIVATED"}
{"ts":1709012289201,"action":"FILE_CLOSED","file":"/lib_modbus/src/main/kotlin/com/crow/modbus/tools/ByteExt.kt","tags":{"FILE_LINE_OF_CODE":"380"}}
{"ts":1709012289201,"action":"FILE_OPENED","file":"/lib_modbus/src/main/kotlin/com/crow/modbus/KModbusTcp.kt","tags":{"FILE_LINE_OF_CODE":"275"}}
{"ts":1709012295788,"action":"IDE_DEACTIVATED"}
{"ts":1709012351613,"action":"IDE_ACTIVATED"}
{"ts":1709012379708,"action":"IDE_DEACTIVATED"}
{"ts":1709012383373,"action":"IDE_ACTIVATED"}
{"ts":1709012401168,"action":"IDE_DEACTIVATED"}
{"ts":1709012409511,"action":"IDE_ACTIVATED"}
{"ts":1709012413662,"action":"IDE_DEACTIVATED"}
{"ts":1709012420792,"action":"IDE_ACTIVATED"}
{"ts":1709012423383,"action":"IDE_DEACTIVATED"}
{"ts":1709012428098,"action":"IDE_ACTIVATED"}
{"ts":1709012434428,"action":"IDE_DEACTIVATED"}
{"ts":1709012448349,"action":"IDE_ACTIVATED"}
{"ts":1709012528414,"action":"IDE_DEACTIVATED"}
{"ts":1709012530197,"action":"IDE_ACTIVATED"}
{"ts":1709012550765,"action":"FILE_CLOSED","file":"/lib_modbus/src/main/kotlin/com/crow/modbus/KModbusTcp.kt","tags":{"FILE_LINE_OF_CODE":"300"}}
{"ts":1709012550765,"action":"FILE_OPENED","file":"/app/src/main/kotlin/com/crow/kmodbus/MainActivity.kt","tags":{"FILE_LINE_OF_CODE":"74"}}
{"ts":1709012614373,"action":"FILE_CLOSED","file":"/app/src/main/kotlin/com/crow/kmodbus/MainActivity.kt","tags":{"FILE_LINE_OF_CODE":"76"}}
{"ts":1709012614373,"action":"FILE_OPENED","file":"/lib_modbus/src/main/kotlin/com/crow/modbus/KModbusTcp.kt","tags":{"FILE_LINE_OF_CODE":"300"}}
{"ts":1709012616716,"action":"FILE_CLOSED","file":"/lib_modbus/src/main/kotlin/com/crow/modbus/KModbusTcp.kt","tags":{"FILE_LINE_OF_CODE":"300"}}
{"ts":1709012616716,"action":"FILE_OPENED","file":"/app/src/main/kotlin/com/crow/kmodbus/MainActivity.kt","tags":{"FILE_LINE_OF_CODE":"76"}}
{"ts":1709012622972,"action":"FILE_CLOSED","file":"/app/src/main/kotlin/com/crow/kmodbus/MainActivity.kt","tags":{"FILE_LINE_OF_CODE":"75"}}
{"ts":1709012622972,"action":"FILE_OPENED","file":"/lib_modbus/src/main/kotlin/com/crow/modbus/KModbusTcp.kt","tags":{"FILE_LINE_OF_CODE":"300"}}
{"ts":1709012636480,"action":"IDE_DEACTIVATED"}
{"ts":1709012641856,"action":"IDE_ACTIVATED"}
{"ts":1709012710706,"action":"IDE_DEACTIVATED"}
{"ts":1709012715833,"action":"IDE_ACTIVATED"}
{"ts":1709012718130,"action":"FILE_CLOSED","file":"/lib_modbus/src/main/kotlin/com/crow/modbus/KModbusTcp.kt","tags":{"FILE_LINE_OF_CODE":"300"}}
{"ts":1709012718130,"action":"FILE_OPENED","file":"/app/src/main/kotlin/com/crow/kmodbus/MainActivity.kt","tags":{"FILE_LINE_OF_CODE":"75"}}
{"ts":1709012727297,"action":"FILE_CLOSED","file":"/app/src/main/kotlin/com/crow/kmodbus/MainActivity.kt","tags":{"FILE_LINE_OF_CODE":"74"}}
{"ts":1709012727297,"action":"FILE_OPENED","file":"/lib_modbus/src/main/kotlin/com/crow/modbus/KModbusRtu.kt","tags":{"FILE_LINE_OF_CODE":"361"}}
{"ts":1709012828673,"action":"FILE_CLOSED","file":"/lib_modbus/src/main/kotlin/com/crow/modbus/KModbusRtu.kt","tags":{"FILE_LINE_OF_CODE":"360"}}
